# JRE version: Java(TM) SE Runtime Environment (11.0.6+8) (build 11.0.6+8-LTS)
# Java VM: Java HotSpot(TM) 64-Bit Server VM (11.0.6+8-LTS, mixed mode, tiered, compressed oops, g1 gc, windows-amd64)
Heap:
 garbage-first heap   total 522240K, used 81403K [0x0000000602800000, 0x0000000800000000)
  region size 2048K, 37 young (75776K), 9 survivors (18432K)
 Metaspace       used 55090K, capacity 56851K, committed 57084K, reserved 1099776K
  class space    used 7059K, capacity 7743K, committed 7756K, reserved 1048576K
GC Heap History (10 events):
Event: 8.254 GC heap before
{Heap before GC invocations=2 (full 0):
 garbage-first heap   total 522240K, used 25498K [0x0000000602800000, 0x0000000800000000)
  region size 2048K, 10 young (20480K), 1 survivors (2048K)
 Metaspace       used 20763K, capacity 21241K, committed 21296K, reserved 1069056K
  class space    used 2475K, capacity 2685K, committed 2688K, reserved 1048576K
}
Event: 8.258 GC heap after
{Heap after GC invocations=3 (full 0):
 garbage-first heap   total 522240K, used 9770K [0x0000000602800000, 0x0000000800000000)
  region size 2048K, 1 young (2048K), 1 survivors (2048K)
 Metaspace       used 20763K, capacity 21241K, committed 21296K, reserved 1069056K
  class space    used 2475K, capacity 2685K, committed 2688K, reserved 1048576K
}
Event: 9.910 GC heap before
{Heap before GC invocations=4 (full 0):
 garbage-first heap   total 522240K, used 73258K [0x0000000602800000, 0x0000000800000000)
  region size 2048K, 32 young (65536K), 1 survivors (2048K)
 Metaspace       used 27495K, capacity 28320K, committed 28540K, reserved 1075200K
  class space    used 3354K, capacity 3659K, committed 3788K, reserved 1048576K
}
Event: 9.926 GC heap after
{Heap after GC invocations=5 (full 0):
 garbage-first heap   total 522240K, used 12967K [0x0000000602800000, 0x0000000800000000)
  region size 2048K, 3 young (6144K), 3 survivors (6144K)
 Metaspace       used 27495K, capacity 28320K, committed 28540K, reserved 1075200K
  class space    used 3354K, capacity 3659K, committed 3788K, reserved 1048576K
}
Event: 13.241 GC heap before
{Heap before GC invocations=5 (full 0):
 garbage-first heap   total 522240K, used 103079K [0x0000000602800000, 0x0000000800000000)
  region size 2048K, 47 young (96256K), 3 survivors (6144K)
 Metaspace       used 33533K, capacity 34452K, committed 34812K, reserved 1079296K
  class space    used 4181K, capacity 4557K, committed 4684K, reserved 1048576K
}
Event: 13.266 GC heap after
{Heap after GC invocations=6 (full 0):
 garbage-first heap   total 522240K, used 17186K [0x0000000602800000, 0x0000000800000000)
  region size 2048K, 5 young (10240K), 5 survivors (10240K)
 Metaspace       used 33533K, capacity 34452K, committed 34812K, reserved 1079296K
  class space    used 4181K, capacity 4557K, committed 4684K, reserved 1048576K
}
Event: 13.720 GC heap before
{Heap before GC invocations=6 (full 0):
 garbage-first heap   total 522240K, used 29474K [0x0000000602800000, 0x0000000800000000)
  region size 2048K, 12 young (24576K), 5 survivors (10240K)
 Metaspace       used 34887K, capacity 35797K, committed 35964K, reserved 1081344K
  class space    used 4354K, capacity 4706K, committed 4812K, reserved 1048576K
}
Event: 13.729 GC heap after
{Heap after GC invocations=7 (full 0):
 garbage-first heap   total 522240K, used 18308K [0x0000000602800000, 0x0000000800000000)
  region size 2048K, 6 young (12288K), 6 survivors (12288K)
 Metaspace       used 34887K, capacity 35797K, committed 35964K, reserved 1081344K
  class space    used 4354K, capacity 4706K, committed 4812K, reserved 1048576K
}
Event: 18.863 GC heap before
{Heap before GC invocations=8 (full 0):
 garbage-first heap   total 522240K, used 182148K [0x0000000602800000, 0x0000000800000000)
  region size 2048K, 86 young (176128K), 6 survivors (12288K)
 Metaspace       used 48046K, capacity 49483K, committed 49788K, reserved 1091584K
  class space    used 6154K, capacity 6769K, committed 6860K, reserved 1048576K
}
Event: 18.903 GC heap after
{Heap after GC invocations=9 (full 0):
 garbage-first heap   total 522240K, used 26107K [0x0000000602800000, 0x0000000800000000)
  region size 2048K, 9 young (18432K), 9 survivors (18432K)
 Metaspace       used 48046K, capacity 49483K, committed 49788K, reserved 1091584K
  class space    used 6154K, capacity 6769K, committed 6860K, reserved 1048576K
}

